<?xml version="1.0" encoding="UTF-8"?>
<!-- Generated by org.testng.reporters.JUnitReportReporter -->
<testsuite hostname="360NDCLP102" name="com.se.qa.testcases.InputFormTest" tests="1" failures="0" timestamp="4 May 2019 01:30:30 GMT" time="19.000" errors="0">
  <testcase name="inputFormMultiSelectListDemoTest" time="19.000" classname="com.se.qa.testcases.InputFormTest"/>
</testsuite> <!-- com.se.qa.testcases.InputFormTest -->
