<?xml version="1.0" encoding="UTF-8"?>
<!-- Generated by org.testng.reporters.JUnitReportReporter -->
<testsuite hostname="360NDCLP102" name="com.se.qa.testcases.TableSortandSearch" tests="2" failures="0" timestamp="30 Apr 2019 10:59:15 GMT" time="35.203" errors="0">
  <testcase name="tableSearchTest" time="17.587" classname="com.se.qa.testcases.TableSortandSearch"/>
  <testcase name="tableSortTest" time="17.616" classname="com.se.qa.testcases.TableSortandSearch"/>
</testsuite> <!-- com.se.qa.testcases.TableSortandSearch -->
