<?xml version="1.0" encoding="UTF-8"?>
<!-- Generated by org.testng.reporters.JUnitReportReporter -->
<testsuite hostname="360NDCLP102" name="com.se.qa.testcases.DragandDropTest" tests="1" failures="0" timestamp="3 May 2019 10:53:57 GMT" time="37.889" errors="0">
  <testcase name="DragandDropedTest" time="37.889" classname="com.se.qa.testcases.DragandDropTest"/>
</testsuite> <!-- com.se.qa.testcases.DragandDropTest -->
